<?xml version="1.0" encoding="UTF-8"?>
<testng-results skipped="0" failed="3" ignored="12" total="40" passed="25">
  <reporter-output>
  </reporter-output>
  <suite name="All Test Suite" duration-ms="642534" started-at="2022-05-06T02:40:29 IST" finished-at="2022-05-06T02:51:11 IST">
    <groups>
    </groups>
    <test name="C:/Users/USER/IdeaProjects/buffalocart" duration-ms="642534" started-at="2022-05-06T02:40:29 IST" finished-at="2022-05-06T02:51:11 IST">
      <class name="com.buffalocart.test.UserPageTest">
        <test-method status="PASS" signature="setUp()[pri:0, instance:com.buffalocart.test.UserPageTest@4de5031f]" name="setUp" is-config="true" duration-ms="8722" started-at="2022-05-06T02:49:05 IST" finished-at="2022-05-06T02:49:13 IST">
          <reporter-output>
          </reporter-output>
        </test-method> <!-- setUp -->
        <test-method status="PASS" signature="verify_Users_page_title()[pri:10, instance:com.buffalocart.test.UserPageTest@4de5031f]" name="verify_Users_page_title" duration-ms="13810" started-at="2022-05-06T02:49:13 IST" description="TC_010_Verify Users page title" finished-at="2022-05-06T02:49:27 IST">
          <reporter-output>
          </reporter-output>
        </test-method> <!-- verify_Users_page_title -->
        <test-method status="PASS" signature="tearDown(org.testng.ITestResult)[pri:0, instance:com.buffalocart.test.UserPageTest@4de5031f]" name="tearDown" is-config="true" duration-ms="1" started-at="2022-05-06T02:49:27 IST" finished-at="2022-05-06T02:49:27 IST">
          <params>
            <param index="0">
              <value>
                <![CDATA[[TestResult name=verify_Users_page_title status=SUCCESS method=UserPageTest.verify_Users_page_title()[pri:10, instance:com.buffalocart.test.UserPageTest@4de5031f] output={null}]]]>
              </value>
            </param>
          </params>
          <reporter-output>
          </reporter-output>
        </test-method> <!-- tearDown -->
        <test-method status="PASS" signature="setUp()[pri:0, instance:com.buffalocart.test.UserPageTest@4de5031f]" name="setUp" is-config="true" duration-ms="8341" started-at="2022-05-06T02:49:27 IST" finished-at="2022-05-06T02:49:36 IST">
          <reporter-output>
          </reporter-output>
        </test-method> <!-- setUp -->
        <test-method status="FAIL" signature="verify_user_search_with_valid_data()[pri:11, instance:com.buffalocart.test.UserPageTest@4de5031f]" name="verify_user_search_with_valid_data" duration-ms="15888" started-at="2022-05-06T02:49:36 IST" description="TC_011_Verify user search with valid data" finished-at="2022-05-06T02:49:51 IST">
          <exception class="java.lang.AssertionError">
            <message>
              <![CDATA[Invalid search data expected [mr Richard Pop] but found []]]>
            </message>
            <full-stacktrace>
              <![CDATA[java.lang.AssertionError: Invalid search data expected [mr Richard Pop] but found []
at org.testng.Assert.fail(Assert.java:110)
at org.testng.Assert.failNotEquals(Assert.java:1413)
at org.testng.Assert.assertEqualsImpl(Assert.java:149)
at org.testng.Assert.assertEquals(Assert.java:131)
at org.testng.Assert.assertEquals(Assert.java:655)
at com.buffalocart.test.UserPageTest.verify_user_search_with_valid_data(UserPageTest.java:86)
at sun.reflect.NativeMethodAccessorImpl.invoke0(Native Method)
at sun.reflect.NativeMethodAccessorImpl.invoke(Unknown Source)
at sun.reflect.DelegatingMethodAccessorImpl.invoke(Unknown Source)
at java.lang.reflect.Method.invoke(Unknown Source)
at org.testng.internal.invokers.MethodInvocationHelper.invokeMethod(MethodInvocationHelper.java:135)
at org.testng.internal.invokers.TestInvoker.invokeMethod(TestInvoker.java:673)
at org.testng.internal.invokers.TestInvoker.invokeTestMethod(TestInvoker.java:220)
at org.testng.internal.invokers.MethodRunner.runInSequence(MethodRunner.java:50)
at org.testng.internal.invokers.TestInvoker$MethodInvocationAgent.invoke(TestInvoker.java:945)
at org.testng.internal.invokers.TestInvoker.invokeTestMethods(TestInvoker.java:193)
at org.testng.internal.invokers.TestMethodWorker.invokeTestMethods(TestMethodWorker.java:146)
at org.testng.internal.invokers.TestMethodWorker.run(TestMethodWorker.java:128)
at java.util.ArrayList.forEach(Unknown Source)
at org.testng.TestRunner.privateRun(TestRunner.java:808)
at org.testng.TestRunner.run(TestRunner.java:603)
at org.testng.SuiteRunner.runTest(SuiteRunner.java:429)
at org.testng.SuiteRunner.runSequentially(SuiteRunner.java:423)
at org.testng.SuiteRunner.privateRun(SuiteRunner.java:383)
at org.testng.SuiteRunner.run(SuiteRunner.java:326)
at org.testng.SuiteRunnerWorker.runSuite(SuiteRunnerWorker.java:52)
at org.testng.SuiteRunnerWorker.run(SuiteRunnerWorker.java:95)
at org.testng.TestNG.runSuitesSequentially(TestNG.java:1249)
at org.testng.TestNG.runSuitesLocally(TestNG.java:1169)
at org.testng.TestNG.runSuites(TestNG.java:1092)
at org.testng.TestNG.run(TestNG.java:1060)
at org.apache.maven.surefire.testng.TestNGExecutor.run(TestNGExecutor.java:284)
at org.apache.maven.surefire.testng.TestNGXmlTestSuite.execute(TestNGXmlTestSuite.java:75)
at org.apache.maven.surefire.testng.TestNGProvider.invoke(TestNGProvider.java:119)
at org.apache.maven.surefire.booter.ForkedBooter.runSuitesInProcess(ForkedBooter.java:428)
at org.apache.maven.surefire.booter.ForkedBooter.execute(ForkedBooter.java:162)
at org.apache.maven.surefire.booter.ForkedBooter.run(ForkedBooter.java:562)
at org.apache.maven.surefire.booter.ForkedBooter.main(ForkedBooter.java:548)
]]>
            </full-stacktrace>
          </exception> <!-- java.lang.AssertionError -->
          <reporter-output>
          </reporter-output>
        </test-method> <!-- verify_user_search_with_valid_data -->
        <test-method status="PASS" signature="tearDown(org.testng.ITestResult)[pri:0, instance:com.buffalocart.test.UserPageTest@4de5031f]" name="tearDown" is-config="true" duration-ms="336" started-at="2022-05-06T02:49:51 IST" finished-at="2022-05-06T02:49:52 IST">
          <params>
            <param index="0">
              <value>
                <![CDATA[[TestResult name=verify_user_search_with_valid_data status=FAILURE method=UserPageTest.verify_user_search_with_valid_data()[pri:11, instance:com.buffalocart.test.UserPageTest@4de5031f] output={null}]]]>
              </value>
            </param>
          </params>
          <reporter-output>
          </reporter-output>
        </test-method> <!-- tearDown -->
        <test-method status="PASS" signature="setUp()[pri:0, instance:com.buffalocart.test.UserPageTest@4de5031f]" name="setUp" is-config="true" duration-ms="8227" started-at="2022-05-06T02:49:52 IST" finished-at="2022-05-06T02:50:00 IST">
          <reporter-output>
          </reporter-output>
        </test-method> <!-- setUp -->
        <test-method status="PASS" signature="verify_message_displayed_by_user_search_with_invalid_data()[pri:12, instance:com.buffalocart.test.UserPageTest@4de5031f]" name="verify_message_displayed_by_user_search_with_invalid_data" duration-ms="16526" started-at="2022-05-06T02:50:00 IST" description="TC_012_Verify message displayed by  user search with invalid data" finished-at="2022-05-06T02:50:17 IST">
          <reporter-output>
          </reporter-output>
        </test-method> <!-- verify_message_displayed_by_user_search_with_invalid_data -->
        <test-method status="PASS" signature="tearDown(org.testng.ITestResult)[pri:0, instance:com.buffalocart.test.UserPageTest@4de5031f]" name="tearDown" is-config="true" duration-ms="0" started-at="2022-05-06T02:50:17 IST" finished-at="2022-05-06T02:50:17 IST">
          <params>
            <param index="0">
              <value>
                <![CDATA[[TestResult name=verify_message_displayed_by_user_search_with_invalid_data status=SUCCESS method=UserPageTest.verify_message_displayed_by_user_search_with_invalid_data()[pri:12, instance:com.buffalocart.test.UserPageTest@4de5031f] output={null}]]]>
              </value>
            </param>
          </params>
          <reporter-output>
          </reporter-output>
        </test-method> <!-- tearDown -->
        <test-method status="PASS" signature="setUp()[pri:0, instance:com.buffalocart.test.UserPageTest@4de5031f]" name="setUp" is-config="true" duration-ms="8643" started-at="2022-05-06T02:50:17 IST" finished-at="2022-05-06T02:50:25 IST">
          <reporter-output>
          </reporter-output>
        </test-method> <!-- setUp -->
        <test-method status="FAIL" signature="verify_user_can_delete_a_user()[pri:19, instance:com.buffalocart.test.UserPageTest@4de5031f]" name="verify_user_can_delete_a_user" duration-ms="16507" started-at="2022-05-06T02:50:25 IST" description="TC_019_Verify user can delete a user" finished-at="2022-05-06T02:50:42 IST">
          <exception class="org.openqa.selenium.NoSuchElementException">
            <message>
              <![CDATA[no such element: Unable to locate element: {"method":"xpath","selector":"//button[@class='btn btn-xs btn-danger delete_user_button']"}
  (Session info: chrome=101.0.4951.54)
For documentation on this error, please visit: https://selenium.dev/exceptions/#no_such_element
Build info: version: '4.1.3', revision: '7b1ebf28ef'
System info: host: 'LAPTOP-V0HJLHIK', ip: '192.168.1.4', os.name: 'Windows 10', os.arch: 'amd64', os.version: '10.0', java.version: '1.8.0_241'
Driver info: org.openqa.selenium.chrome.ChromeDriver
Command: [97bed08be99c8102db6ebb8aeb326b32, findElement {using=xpath, value=//button[@class='btn btn-xs btn-danger delete_user_button']}]
Capabilities {acceptInsecureCerts: false, browserName: chrome, browserVersion: 101.0.4951.54, chrome: {chromedriverVersion: 101.0.4951.41 (93c720db8323..., userDataDir: C:\Users\USER\AppData\Local...}, goog:chromeOptions: {debuggerAddress: localhost:52075}, javascriptEnabled: true, networkConnectionEnabled: false, pageLoadStrategy: normal, platform: WINDOWS, platformName: WINDOWS, proxy: Proxy(), se:cdp: ws://localhost:52075/devtoo..., se:cdpVersion: 101.0.4951.54, setWindowRect: true, strictFileInteractability: false, timeouts: {implicit: 0, pageLoad: 300000, script: 30000}, unhandledPromptBehavior: dismiss and notify, webauthn:extension:credBlob: true, webauthn:extension:largeBlob: true, webauthn:virtualAuthenticators: true}
Session ID: 97bed08be99c8102db6ebb8aeb326b32]]>
            </message>
            <full-stacktrace>
              <![CDATA[org.openqa.selenium.NoSuchElementException: no such element: Unable to locate element: {"method":"xpath","selector":"//button[@class='btn btn-xs btn-danger delete_user_button']"}
  (Session info: chrome=101.0.4951.54)
For documentation on this error, please visit: https://selenium.dev/exceptions/#no_such_element
Build info: version: '4.1.3', revision: '7b1ebf28ef'
System info: host: 'LAPTOP-V0HJLHIK', ip: '192.168.1.4', os.name: 'Windows 10', os.arch: 'amd64', os.version: '10.0', java.version: '1.8.0_241'
Driver info: org.openqa.selenium.chrome.ChromeDriver
Command: [97bed08be99c8102db6ebb8aeb326b32, findElement {using=xpath, value=//button[@class='btn btn-xs btn-danger delete_user_button']}]
Capabilities {acceptInsecureCerts: false, browserName: chrome, browserVersion: 101.0.4951.54, chrome: {chromedriverVersion: 101.0.4951.41 (93c720db8323..., userDataDir: C:\Users\USER\AppData\Local...}, goog:chromeOptions: {debuggerAddress: localhost:52075}, javascriptEnabled: true, networkConnectionEnabled: false, pageLoadStrategy: normal, platform: WINDOWS, platformName: WINDOWS, proxy: Proxy(), se:cdp: ws://localhost:52075/devtoo..., se:cdpVersion: 101.0.4951.54, setWindowRect: true, strictFileInteractability: false, timeouts: {implicit: 0, pageLoad: 300000, script: 30000}, unhandledPromptBehavior: dismiss and notify, webauthn:extension:credBlob: true, webauthn:extension:largeBlob: true, webauthn:virtualAuthenticators: true}
Session ID: 97bed08be99c8102db6ebb8aeb326b32
at sun.reflect.NativeConstructorAccessorImpl.newInstance0(Native Method)
at sun.reflect.NativeConstructorAccessorImpl.newInstance(Unknown Source)
at sun.reflect.DelegatingConstructorAccessorImpl.newInstance(Unknown Source)
at java.lang.reflect.Constructor.newInstance(Unknown Source)
at org.openqa.selenium.remote.codec.w3c.W3CHttpResponseCodec.createException(W3CHttpResponseCodec.java:200)
at org.openqa.selenium.remote.codec.w3c.W3CHttpResponseCodec.decode(W3CHttpResponseCodec.java:133)
at org.openqa.selenium.remote.codec.w3c.W3CHttpResponseCodec.decode(W3CHttpResponseCodec.java:53)
at org.openqa.selenium.remote.HttpCommandExecutor.execute(HttpCommandExecutor.java:184)
at org.openqa.selenium.remote.service.DriverCommandExecutor.invokeExecute(DriverCommandExecutor.java:167)
at org.openqa.selenium.remote.service.DriverCommandExecutor.execute(DriverCommandExecutor.java:142)
at org.openqa.selenium.remote.RemoteWebDriver.execute(RemoteWebDriver.java:567)
at org.openqa.selenium.remote.ElementLocation$ElementFinder$2.findElement(ElementLocation.java:162)
at org.openqa.selenium.remote.ElementLocation.findElement(ElementLocation.java:60)
at org.openqa.selenium.remote.RemoteWebDriver.findElement(RemoteWebDriver.java:385)
at org.openqa.selenium.remote.RemoteWebDriver.findElement(RemoteWebDriver.java:377)
at org.openqa.selenium.support.pagefactory.DefaultElementLocator.findElement(DefaultElementLocator.java:70)
at org.openqa.selenium.support.pagefactory.internal.LocatingElementHandler.invoke(LocatingElementHandler.java:39)
at com.sun.proxy.$Proxy14.click(Unknown Source)
at com.buffalocart.utilities.PageUtility.clickOnElement(PageUtility.java:30)
at com.buffalocart.pages.UserPage.clickOnDeleteButton(UserPage.java:83)
at com.buffalocart.test.UserPageTest.verify_user_can_delete_a_user(UserPageTest.java:162)
at sun.reflect.NativeMethodAccessorImpl.invoke0(Native Method)
at sun.reflect.NativeMethodAccessorImpl.invoke(Unknown Source)
at sun.reflect.DelegatingMethodAccessorImpl.invoke(Unknown Source)
at java.lang.reflect.Method.invoke(Unknown Source)
at org.testng.internal.invokers.MethodInvocationHelper.invokeMethod(MethodInvocationHelper.java:135)
at org.testng.internal.invokers.TestInvoker.invokeMethod(TestInvoker.java:673)
at org.testng.internal.invokers.TestInvoker.invokeTestMethod(TestInvoker.java:220)
at org.testng.internal.invokers.MethodRunner.runInSequence(MethodRunner.java:50)
at org.testng.internal.invokers.TestInvoker$MethodInvocationAgent.invoke(TestInvoker.java:945)
at org.testng.internal.invokers.TestInvoker.invokeTestMethods(TestInvoker.java:193)
at org.testng.internal.invokers.TestMethodWorker.invokeTestMethods(TestMethodWorker.java:146)
at org.testng.internal.invokers.TestMethodWorker.run(TestMethodWorker.java:128)
at java.util.ArrayList.forEach(Unknown Source)
at org.testng.TestRunner.privateRun(TestRunner.java:808)
at org.testng.TestRunner.run(TestRunner.java:603)
at org.testng.SuiteRunner.runTest(SuiteRunner.java:429)
at org.testng.SuiteRunner.runSequentially(SuiteRunner.java:423)
at org.testng.SuiteRunner.privateRun(SuiteRunner.java:383)
at org.testng.SuiteRunner.run(SuiteRunner.java:326)
at org.testng.SuiteRunnerWorker.runSuite(SuiteRunnerWorker.java:52)
at org.testng.SuiteRunnerWorker.run(SuiteRunnerWorker.java:95)
at org.testng.TestNG.runSuitesSequentially(TestNG.java:1249)
at org.testng.TestNG.runSuitesLocally(TestNG.java:1169)
at org.testng.TestNG.runSuites(TestNG.java:1092)
at org.testng.TestNG.run(TestNG.java:1060)
at org.apache.maven.surefire.testng.TestNGExecutor.run(TestNGExecutor.java:284)
at org.apache.maven.surefire.testng.TestNGXmlTestSuite.execute(TestNGXmlTestSuite.java:75)
at org.apache.maven.surefire.testng.TestNGProvider.invoke(TestNGProvider.java:119)
at org.apache.maven.surefire.booter.ForkedBooter.runSuitesInProcess(ForkedBooter.java:428)
at org.apache.maven.surefire.booter.ForkedBooter.execute(ForkedBooter.java:162)
at org.apache.maven.surefire.booter.ForkedBooter.run(ForkedBooter.java:562)
at org.apache.maven.surefire.booter.ForkedBooter.main(ForkedBooter.java:548)
]]>
            </full-stacktrace>
          </exception> <!-- org.openqa.selenium.NoSuchElementException -->
          <reporter-output>
          </reporter-output>
        </test-method> <!-- verify_user_can_delete_a_user -->
        <test-method status="PASS" signature="tearDown(org.testng.ITestResult)[pri:0, instance:com.buffalocart.test.UserPageTest@4de5031f]" name="tearDown" is-config="true" duration-ms="316" started-at="2022-05-06T02:50:42 IST" finished-at="2022-05-06T02:50:42 IST">
          <params>
            <param index="0">
              <value>
                <![CDATA[[TestResult name=verify_user_can_delete_a_user status=FAILURE method=UserPageTest.verify_user_can_delete_a_user()[pri:19, instance:com.buffalocart.test.UserPageTest@4de5031f] output={null}]]]>
              </value>
            </param>
          </params>
          <reporter-output>
          </reporter-output>
        </test-method> <!-- tearDown -->
      </class> <!-- com.buffalocart.test.UserPageTest -->
      <class name="com.buffalocart.test.EditPageTest">
        <test-method status="PASS" signature="setUp()[pri:0, instance:com.buffalocart.test.EditPageTest@55040f2f]" name="setUp" is-config="true" duration-ms="7935" started-at="2022-05-06T02:42:23 IST" finished-at="2022-05-06T02:42:30 IST">
          <reporter-output>
          </reporter-output>
        </test-method> <!-- setUp -->
        <test-method status="PASS" signature="verify_Edit_User_page_title()[pri:17, instance:com.buffalocart.test.EditPageTest@55040f2f]" name="verify_Edit_User_page_title" duration-ms="20041" started-at="2022-05-06T02:42:30 IST" description="TC_017_Verify Edit User page title" finished-at="2022-05-06T02:42:50 IST">
          <reporter-output>
          </reporter-output>
        </test-method> <!-- verify_Edit_User_page_title -->
        <test-method status="PASS" signature="tearDown(org.testng.ITestResult)[pri:0, instance:com.buffalocart.test.EditPageTest@55040f2f]" name="tearDown" is-config="true" duration-ms="0" started-at="2022-05-06T02:42:50 IST" finished-at="2022-05-06T02:42:50 IST">
          <params>
            <param index="0">
              <value>
                <![CDATA[[TestResult name=verify_Edit_User_page_title status=SUCCESS method=EditPageTest.verify_Edit_User_page_title()[pri:17, instance:com.buffalocart.test.EditPageTest@55040f2f] output={null}]]]>
              </value>
            </param>
          </params>
          <reporter-output>
          </reporter-output>
        </test-method> <!-- tearDown -->
        <test-method status="PASS" signature="setUp()[pri:0, instance:com.buffalocart.test.EditPageTest@55040f2f]" name="setUp" is-config="true" duration-ms="7346" started-at="2022-05-06T02:42:50 IST" finished-at="2022-05-06T02:42:58 IST">
          <reporter-output>
          </reporter-output>
        </test-method> <!-- setUp -->
        <test-method status="PASS" signature="verify_user_can_edit_the_user_details()[pri:18, instance:com.buffalocart.test.EditPageTest@55040f2f]" name="verify_user_can_edit_the_user_details" duration-ms="26599" started-at="2022-05-06T02:42:58 IST" description="TC_018_Verify  user can edit the user details  " finished-at="2022-05-06T02:43:24 IST">
          <reporter-output>
          </reporter-output>
        </test-method> <!-- verify_user_can_edit_the_user_details -->
        <test-method status="PASS" signature="tearDown(org.testng.ITestResult)[pri:0, instance:com.buffalocart.test.EditPageTest@55040f2f]" name="tearDown" is-config="true" duration-ms="0" started-at="2022-05-06T02:43:24 IST" finished-at="2022-05-06T02:43:24 IST">
          <params>
            <param index="0">
              <value>
                <![CDATA[[TestResult name=verify_user_can_edit_the_user_details status=SUCCESS method=EditPageTest.verify_user_can_edit_the_user_details()[pri:18, instance:com.buffalocart.test.EditPageTest@55040f2f] output={null}]]]>
              </value>
            </param>
          </params>
          <reporter-output>
          </reporter-output>
        </test-method> <!-- tearDown -->
      </class> <!-- com.buffalocart.test.EditPageTest -->
      <class name="com.buffalocart.test.SalesCommissionAgentPageTest">
        <test-method status="PASS" signature="setUp()[pri:0, instance:com.buffalocart.test.SalesCommissionAgentPageTest@52aa2946]" name="setUp" is-config="true" duration-ms="8401" started-at="2022-05-06T02:47:18 IST" finished-at="2022-05-06T02:47:27 IST">
          <reporter-output>
          </reporter-output>
        </test-method> <!-- setUp -->
        <test-method status="PASS" signature="verify_Sales_Commission_Agents_page_title()[pri:28, instance:com.buffalocart.test.SalesCommissionAgentPageTest@52aa2946]" name="verify_Sales_Commission_Agents_page_title" duration-ms="12097" started-at="2022-05-06T02:47:27 IST" description="TC_028_ Verify  Sales Commission Agents page title" finished-at="2022-05-06T02:47:39 IST">
          <reporter-output>
          </reporter-output>
        </test-method> <!-- verify_Sales_Commission_Agents_page_title -->
        <test-method status="PASS" signature="tearDown(org.testng.ITestResult)[pri:0, instance:com.buffalocart.test.SalesCommissionAgentPageTest@52aa2946]" name="tearDown" is-config="true" duration-ms="0" started-at="2022-05-06T02:47:39 IST" finished-at="2022-05-06T02:47:39 IST">
          <params>
            <param index="0">
              <value>
                <![CDATA[[TestResult name=verify_Sales_Commission_Agents_page_title status=SUCCESS method=SalesCommissionAgentPageTest.verify_Sales_Commission_Agents_page_title()[pri:28, instance:com.buffalocart.test.SalesCommissionAgentPageTest@52aa2946] output={null}]]]>
              </value>
            </param>
          </params>
          <reporter-output>
          </reporter-output>
        </test-method> <!-- tearDown -->
        <test-method status="PASS" signature="setUp()[pri:0, instance:com.buffalocart.test.SalesCommissionAgentPageTest@52aa2946]" name="setUp" is-config="true" duration-ms="8516" started-at="2022-05-06T02:47:39 IST" finished-at="2022-05-06T02:47:47 IST">
          <reporter-output>
          </reporter-output>
        </test-method> <!-- setUp -->
        <test-method status="PASS" signature="Verify_user_can_add_sales_agent()[pri:29, instance:com.buffalocart.test.SalesCommissionAgentPageTest@52aa2946]" name="Verify_user_can_add_sales_agent" duration-ms="19706" started-at="2022-05-06T02:47:47 IST" description="TC_029_ Verify  user can add sales  agent " finished-at="2022-05-06T02:48:07 IST">
          <reporter-output>
          </reporter-output>
        </test-method> <!-- Verify_user_can_add_sales_agent -->
        <test-method status="PASS" signature="tearDown(org.testng.ITestResult)[pri:0, instance:com.buffalocart.test.SalesCommissionAgentPageTest@52aa2946]" name="tearDown" is-config="true" duration-ms="0" started-at="2022-05-06T02:48:07 IST" finished-at="2022-05-06T02:48:07 IST">
          <params>
            <param index="0">
              <value>
                <![CDATA[[TestResult name=Verify_user_can_add_sales_agent status=SUCCESS method=SalesCommissionAgentPageTest.Verify_user_can_add_sales_agent()[pri:29, instance:com.buffalocart.test.SalesCommissionAgentPageTest@52aa2946] output={null}]]]>
              </value>
            </param>
          </params>
          <reporter-output>
          </reporter-output>
        </test-method> <!-- tearDown -->
        <test-method status="PASS" signature="setUp()[pri:0, instance:com.buffalocart.test.SalesCommissionAgentPageTest@52aa2946]" name="setUp" is-config="true" duration-ms="8415" started-at="2022-05-06T02:48:07 IST" finished-at="2022-05-06T02:48:15 IST">
          <reporter-output>
          </reporter-output>
        </test-method> <!-- setUp -->
        <test-method status="PASS" signature="verify_Edit_sales_agent_details()[pri:30, instance:com.buffalocart.test.SalesCommissionAgentPageTest@52aa2946]" name="verify_Edit_sales_agent_details" duration-ms="22468" started-at="2022-05-06T02:48:15 IST" description="TC_030_ Verify Edit sales agent details" finished-at="2022-05-06T02:48:38 IST">
          <reporter-output>
          </reporter-output>
        </test-method> <!-- verify_Edit_sales_agent_details -->
        <test-method status="PASS" signature="tearDown(org.testng.ITestResult)[pri:0, instance:com.buffalocart.test.SalesCommissionAgentPageTest@52aa2946]" name="tearDown" is-config="true" duration-ms="0" started-at="2022-05-06T02:48:38 IST" finished-at="2022-05-06T02:48:38 IST">
          <params>
            <param index="0">
              <value>
                <![CDATA[[TestResult name=verify_Edit_sales_agent_details status=SUCCESS method=SalesCommissionAgentPageTest.verify_Edit_sales_agent_details()[pri:30, instance:com.buffalocart.test.SalesCommissionAgentPageTest@52aa2946] output={null}]]]>
              </value>
            </param>
          </params>
          <reporter-output>
          </reporter-output>
        </test-method> <!-- tearDown -->
        <test-method status="PASS" signature="setUp()[pri:0, instance:com.buffalocart.test.SalesCommissionAgentPageTest@52aa2946]" name="setUp" is-config="true" duration-ms="8681" started-at="2022-05-06T02:48:38 IST" finished-at="2022-05-06T02:48:46 IST">
          <reporter-output>
          </reporter-output>
        </test-method> <!-- setUp -->
        <test-method status="FAIL" signature="verify_user_can_delete_a_Sales_Commission_Agents()[pri:31, instance:com.buffalocart.test.SalesCommissionAgentPageTest@52aa2946]" name="verify_user_can_delete_a_Sales_Commission_Agents" duration-ms="17877" started-at="2022-05-06T02:48:46 IST" description="TC_031_ Verify user can delete a Sales Commission Agents" finished-at="2022-05-06T02:49:04 IST">
          <exception class="org.openqa.selenium.NoSuchElementException">
            <message>
              <![CDATA[no such element: Unable to locate element: {"method":"xpath","selector":"//button[@class='btn btn-xs btn-modal btn-primary']/following-sibling::button"}
  (Session info: chrome=101.0.4951.54)
For documentation on this error, please visit: https://selenium.dev/exceptions/#no_such_element
Build info: version: '4.1.3', revision: '7b1ebf28ef'
System info: host: 'LAPTOP-V0HJLHIK', ip: '192.168.1.4', os.name: 'Windows 10', os.arch: 'amd64', os.version: '10.0', java.version: '1.8.0_241'
Driver info: org.openqa.selenium.chrome.ChromeDriver
Command: [7e2b7ffa952081ab3ab23c3b615e2af9, findElement {using=xpath, value=//button[@class='btn btn-xs btn-modal btn-primary']/following-sibling::button}]
Capabilities {acceptInsecureCerts: false, browserName: chrome, browserVersion: 101.0.4951.54, chrome: {chromedriverVersion: 101.0.4951.41 (93c720db8323..., userDataDir: C:\Users\USER\AppData\Local...}, goog:chromeOptions: {debuggerAddress: localhost:51809}, javascriptEnabled: true, networkConnectionEnabled: false, pageLoadStrategy: normal, platform: WINDOWS, platformName: WINDOWS, proxy: Proxy(), se:cdp: ws://localhost:51809/devtoo..., se:cdpVersion: 101.0.4951.54, setWindowRect: true, strictFileInteractability: false, timeouts: {implicit: 0, pageLoad: 300000, script: 30000}, unhandledPromptBehavior: dismiss and notify, webauthn:extension:credBlob: true, webauthn:extension:largeBlob: true, webauthn:virtualAuthenticators: true}
Session ID: 7e2b7ffa952081ab3ab23c3b615e2af9]]>
            </message>
            <full-stacktrace>
              <![CDATA[org.openqa.selenium.NoSuchElementException: no such element: Unable to locate element: {"method":"xpath","selector":"//button[@class='btn btn-xs btn-modal btn-primary']/following-sibling::button"}
  (Session info: chrome=101.0.4951.54)
For documentation on this error, please visit: https://selenium.dev/exceptions/#no_such_element
Build info: version: '4.1.3', revision: '7b1ebf28ef'
System info: host: 'LAPTOP-V0HJLHIK', ip: '192.168.1.4', os.name: 'Windows 10', os.arch: 'amd64', os.version: '10.0', java.version: '1.8.0_241'
Driver info: org.openqa.selenium.chrome.ChromeDriver
Command: [7e2b7ffa952081ab3ab23c3b615e2af9, findElement {using=xpath, value=//button[@class='btn btn-xs btn-modal btn-primary']/following-sibling::button}]
Capabilities {acceptInsecureCerts: false, browserName: chrome, browserVersion: 101.0.4951.54, chrome: {chromedriverVersion: 101.0.4951.41 (93c720db8323..., userDataDir: C:\Users\USER\AppData\Local...}, goog:chromeOptions: {debuggerAddress: localhost:51809}, javascriptEnabled: true, networkConnectionEnabled: false, pageLoadStrategy: normal, platform: WINDOWS, platformName: WINDOWS, proxy: Proxy(), se:cdp: ws://localhost:51809/devtoo..., se:cdpVersion: 101.0.4951.54, setWindowRect: true, strictFileInteractability: false, timeouts: {implicit: 0, pageLoad: 300000, script: 30000}, unhandledPromptBehavior: dismiss and notify, webauthn:extension:credBlob: true, webauthn:extension:largeBlob: true, webauthn:virtualAuthenticators: true}
Session ID: 7e2b7ffa952081ab3ab23c3b615e2af9
at sun.reflect.NativeConstructorAccessorImpl.newInstance0(Native Method)
at sun.reflect.NativeConstructorAccessorImpl.newInstance(Unknown Source)
at sun.reflect.DelegatingConstructorAccessorImpl.newInstance(Unknown Source)
at java.lang.reflect.Constructor.newInstance(Unknown Source)
at org.openqa.selenium.remote.codec.w3c.W3CHttpResponseCodec.createException(W3CHttpResponseCodec.java:200)
at org.openqa.selenium.remote.codec.w3c.W3CHttpResponseCodec.decode(W3CHttpResponseCodec.java:133)
at org.openqa.selenium.remote.codec.w3c.W3CHttpResponseCodec.decode(W3CHttpResponseCodec.java:53)
at org.openqa.selenium.remote.HttpCommandExecutor.execute(HttpCommandExecutor.java:184)
at org.openqa.selenium.remote.service.DriverCommandExecutor.invokeExecute(DriverCommandExecutor.java:167)
at org.openqa.selenium.remote.service.DriverCommandExecutor.execute(DriverCommandExecutor.java:142)
at org.openqa.selenium.remote.RemoteWebDriver.execute(RemoteWebDriver.java:567)
at org.openqa.selenium.remote.ElementLocation$ElementFinder$2.findElement(ElementLocation.java:162)
at org.openqa.selenium.remote.ElementLocation.findElement(ElementLocation.java:60)
at org.openqa.selenium.remote.RemoteWebDriver.findElement(RemoteWebDriver.java:385)
at org.openqa.selenium.remote.RemoteWebDriver.findElement(RemoteWebDriver.java:377)
at org.openqa.selenium.support.pagefactory.DefaultElementLocator.findElement(DefaultElementLocator.java:70)
at org.openqa.selenium.support.pagefactory.internal.LocatingElementHandler.invoke(LocatingElementHandler.java:39)
at com.sun.proxy.$Proxy14.click(Unknown Source)
at com.buffalocart.utilities.PageUtility.clickOnElement(PageUtility.java:30)
at com.buffalocart.pages.SalesCommissionAgentPage.clickOnSalesCommissionDeleteButton(SalesCommissionAgentPage.java:129)
at com.buffalocart.test.SalesCommissionAgentPageTest.verify_user_can_delete_a_Sales_Commission_Agents(SalesCommissionAgentPageTest.java:177)
at sun.reflect.NativeMethodAccessorImpl.invoke0(Native Method)
at sun.reflect.NativeMethodAccessorImpl.invoke(Unknown Source)
at sun.reflect.DelegatingMethodAccessorImpl.invoke(Unknown Source)
at java.lang.reflect.Method.invoke(Unknown Source)
at org.testng.internal.invokers.MethodInvocationHelper.invokeMethod(MethodInvocationHelper.java:135)
at org.testng.internal.invokers.TestInvoker.invokeMethod(TestInvoker.java:673)
at org.testng.internal.invokers.TestInvoker.invokeTestMethod(TestInvoker.java:220)
at org.testng.internal.invokers.MethodRunner.runInSequence(MethodRunner.java:50)
at org.testng.internal.invokers.TestInvoker$MethodInvocationAgent.invoke(TestInvoker.java:945)
at org.testng.internal.invokers.TestInvoker.invokeTestMethods(TestInvoker.java:193)
at org.testng.internal.invokers.TestMethodWorker.invokeTestMethods(TestMethodWorker.java:146)
at org.testng.internal.invokers.TestMethodWorker.run(TestMethodWorker.java:128)
at java.util.ArrayList.forEach(Unknown Source)
at org.testng.TestRunner.privateRun(TestRunner.java:808)
at org.testng.TestRunner.run(TestRunner.java:603)
at org.testng.SuiteRunner.runTest(SuiteRunner.java:429)
at org.testng.SuiteRunner.runSequentially(SuiteRunner.java:423)
at org.testng.SuiteRunner.privateRun(SuiteRunner.java:383)
at org.testng.SuiteRunner.run(SuiteRunner.java:326)
at org.testng.SuiteRunnerWorker.runSuite(SuiteRunnerWorker.java:52)
at org.testng.SuiteRunnerWorker.run(SuiteRunnerWorker.java:95)
at org.testng.TestNG.runSuitesSequentially(TestNG.java:1249)
at org.testng.TestNG.runSuitesLocally(TestNG.java:1169)
at org.testng.TestNG.runSuites(TestNG.java:1092)
at org.testng.TestNG.run(TestNG.java:1060)
at org.apache.maven.surefire.testng.TestNGExecutor.run(TestNGExecutor.java:284)
at org.apache.maven.surefire.testng.TestNGXmlTestSuite.execute(TestNGXmlTestSuite.java:75)
at org.apache.maven.surefire.testng.TestNGProvider.invoke(TestNGProvider.java:119)
at org.apache.maven.surefire.booter.ForkedBooter.runSuitesInProcess(ForkedBooter.java:428)
at org.apache.maven.surefire.booter.ForkedBooter.execute(ForkedBooter.java:162)
at org.apache.maven.surefire.booter.ForkedBooter.run(ForkedBooter.java:562)
at org.apache.maven.surefire.booter.ForkedBooter.main(ForkedBooter.java:548)
]]>
            </full-stacktrace>
          </exception> <!-- org.openqa.selenium.NoSuchElementException -->
          <reporter-output>
          </reporter-output>
        </test-method> <!-- verify_user_can_delete_a_Sales_Commission_Agents -->
        <test-method status="PASS" signature="tearDown(org.testng.ITestResult)[pri:0, instance:com.buffalocart.test.SalesCommissionAgentPageTest@52aa2946]" name="tearDown" is-config="true" duration-ms="331" started-at="2022-05-06T02:49:04 IST" finished-at="2022-05-06T02:49:05 IST">
          <params>
            <param index="0">
              <value>
                <![CDATA[[TestResult name=verify_user_can_delete_a_Sales_Commission_Agents status=FAILURE method=SalesCommissionAgentPageTest.verify_user_can_delete_a_Sales_Commission_Agents()[pri:31, instance:com.buffalocart.test.SalesCommissionAgentPageTest@52aa2946] output={null}]]]>
              </value>
            </param>
          </params>
          <reporter-output>
          </reporter-output>
        </test-method> <!-- tearDown -->
      </class> <!-- com.buffalocart.test.SalesCommissionAgentPageTest -->
      <class name="com.buffalocart.test.LoginPageTest">
        <test-method status="PASS" signature="setUp()[pri:0, instance:com.buffalocart.test.LoginPageTest@400cff1a]" name="setUp" is-config="true" duration-ms="8832" started-at="2022-05-06T02:44:30 IST" finished-at="2022-05-06T02:44:39 IST">
          <reporter-output>
          </reporter-output>
        </test-method> <!-- setUp -->
        <test-method status="PASS" signature="verify_Loginpage_Title()[pri:1, instance:com.buffalocart.test.LoginPageTest@400cff1a]" name="verify_Loginpage_Title" duration-ms="41" started-at="2022-05-06T02:44:39 IST" description="TC_001_Verify Login Page Title" finished-at="2022-05-06T02:44:39 IST">
          <reporter-output>
          </reporter-output>
        </test-method> <!-- verify_Loginpage_Title -->
        <test-method status="PASS" signature="setUp()[pri:0, instance:com.buffalocart.test.LoginPageTest@400cff1a]" name="setUp" is-config="true" duration-ms="9163" started-at="2022-05-06T02:44:39 IST" finished-at="2022-05-06T02:44:48 IST">
          <reporter-output>
          </reporter-output>
        </test-method> <!-- setUp -->
        <test-method status="PASS" signature="tearDown(org.testng.ITestResult)[pri:0, instance:com.buffalocart.test.LoginPageTest@400cff1a]" name="tearDown" is-config="true" duration-ms="0" started-at="2022-05-06T02:44:39 IST" finished-at="2022-05-06T02:44:39 IST">
          <params>
            <param index="0">
              <value>
                <![CDATA[[TestResult name=verify_Loginpage_Title status=SUCCESS method=LoginPageTest.verify_Loginpage_Title()[pri:1, instance:com.buffalocart.test.LoginPageTest@400cff1a] output={null}]]]>
              </value>
            </param>
          </params>
          <reporter-output>
          </reporter-output>
        </test-method> <!-- tearDown -->
        <test-method status="PASS" signature="verify_user_login_with_valid_user_credentials()[pri:2, instance:com.buffalocart.test.LoginPageTest@400cff1a]" name="verify_user_login_with_valid_user_credentials" duration-ms="5244" started-at="2022-05-06T02:44:48 IST" description="TC_002_Verify user login with valid user credentials" finished-at="2022-05-06T02:44:54 IST">
          <reporter-output>
          </reporter-output>
        </test-method> <!-- verify_user_login_with_valid_user_credentials -->
        <test-method status="PASS" signature="tearDown(org.testng.ITestResult)[pri:0, instance:com.buffalocart.test.LoginPageTest@400cff1a]" name="tearDown" is-config="true" duration-ms="1" started-at="2022-05-06T02:44:54 IST" finished-at="2022-05-06T02:44:54 IST">
          <params>
            <param index="0">
              <value>
                <![CDATA[[TestResult name=verify_user_login_with_valid_user_credentials status=SUCCESS method=LoginPageTest.verify_user_login_with_valid_user_credentials()[pri:2, instance:com.buffalocart.test.LoginPageTest@400cff1a] output={null}]]]>
              </value>
            </param>
          </params>
          <reporter-output>
          </reporter-output>
        </test-method> <!-- tearDown -->
        <test-method status="PASS" signature="setUp()[pri:0, instance:com.buffalocart.test.LoginPageTest@400cff1a]" name="setUp" is-config="true" duration-ms="8607" started-at="2022-05-06T02:44:54 IST" finished-at="2022-05-06T02:45:02 IST">
          <reporter-output>
          </reporter-output>
        </test-method> <!-- setUp -->
        <test-method status="PASS" signature="verify_whether_the_user_is_able_to_click_on_Remember_me_checkbox()[pri:4, instance:com.buffalocart.test.LoginPageTest@400cff1a]" name="verify_whether_the_user_is_able_to_click_on_Remember_me_checkbox" duration-ms="221" started-at="2022-05-06T02:45:02 IST" description="TC_004_Verify whetehr the user is able to click on &#039;Remember me&#039; checkbox" finished-at="2022-05-06T02:45:02 IST">
          <reporter-output>
          </reporter-output>
        </test-method> <!-- verify_whether_the_user_is_able_to_click_on_Remember_me_checkbox -->
        <test-method status="PASS" signature="setUp()[pri:0, instance:com.buffalocart.test.LoginPageTest@400cff1a]" name="setUp" is-config="true" duration-ms="9915" started-at="2022-05-06T02:45:02 IST" finished-at="2022-05-06T02:45:12 IST">
          <reporter-output>
          </reporter-output>
        </test-method> <!-- setUp -->
        <test-method status="PASS" signature="tearDown(org.testng.ITestResult)[pri:0, instance:com.buffalocart.test.LoginPageTest@400cff1a]" name="tearDown" is-config="true" duration-ms="0" started-at="2022-05-06T02:45:02 IST" finished-at="2022-05-06T02:45:02 IST">
          <params>
            <param index="0">
              <value>
                <![CDATA[[TestResult name=verify_whether_the_user_is_able_to_click_on_Remember_me_checkbox status=SUCCESS method=LoginPageTest.verify_whether_the_user_is_able_to_click_on_Remember_me_checkbox()[pri:4, instance:com.buffalocart.test.LoginPageTest@400cff1a] output={null}]]]>
              </value>
            </param>
          </params>
          <reporter-output>
          </reporter-output>
        </test-method> <!-- tearDown -->
        <test-method status="PASS" signature="verify_user_login_with_newly_added_user()[pri:14, instance:com.buffalocart.test.LoginPageTest@400cff1a]" name="verify_user_login_with_newly_added_user" duration-ms="5440" started-at="2022-05-06T02:45:12 IST" description="TC_014_Verify user login with newly added user" finished-at="2022-05-06T02:45:18 IST">
          <reporter-output>
          </reporter-output>
        </test-method> <!-- verify_user_login_with_newly_added_user -->
        <test-method status="PASS" signature="tearDown(org.testng.ITestResult)[pri:0, instance:com.buffalocart.test.LoginPageTest@400cff1a]" name="tearDown" is-config="true" duration-ms="0" started-at="2022-05-06T02:45:18 IST" finished-at="2022-05-06T02:45:18 IST">
          <params>
            <param index="0">
              <value>
                <![CDATA[[TestResult name=verify_user_login_with_newly_added_user status=SUCCESS method=LoginPageTest.verify_user_login_with_newly_added_user()[pri:14, instance:com.buffalocart.test.LoginPageTest@400cff1a] output={null}]]]>
              </value>
            </param>
          </params>
          <reporter-output>
          </reporter-output>
        </test-method> <!-- tearDown -->
      </class> <!-- com.buffalocart.test.LoginPageTest -->
      <class name="com.buffalocart.test.EditRolePageTest">
        <test-method status="PASS" signature="setUp()[pri:0, instance:com.buffalocart.test.EditRolePageTest@64c87930]" name="setUp" is-config="true" duration-ms="6595" started-at="2022-05-06T02:43:24 IST" finished-at="2022-05-06T02:43:31 IST">
          <reporter-output>
          </reporter-output>
        </test-method> <!-- setUp -->
        <test-method status="PASS" signature="verify_Edit_Role_page_title()[pri:24, instance:com.buffalocart.test.EditRolePageTest@64c87930]" name="verify_Edit_Role_page_title" duration-ms="18117" started-at="2022-05-06T02:43:31 IST" description="TC_024_ Verify Edit Role page title" finished-at="2022-05-06T02:43:49 IST">
          <reporter-output>
          </reporter-output>
        </test-method> <!-- verify_Edit_Role_page_title -->
        <test-method status="PASS" signature="tearDown(org.testng.ITestResult)[pri:0, instance:com.buffalocart.test.EditRolePageTest@64c87930]" name="tearDown" is-config="true" duration-ms="0" started-at="2022-05-06T02:43:49 IST" finished-at="2022-05-06T02:43:49 IST">
          <params>
            <param index="0">
              <value>
                <![CDATA[[TestResult name=verify_Edit_Role_page_title status=SUCCESS method=EditRolePageTest.verify_Edit_Role_page_title()[pri:24, instance:com.buffalocart.test.EditRolePageTest@64c87930] output={null}]]]>
              </value>
            </param>
          </params>
          <reporter-output>
          </reporter-output>
        </test-method> <!-- tearDown -->
        <test-method status="PASS" signature="setUp()[pri:0, instance:com.buffalocart.test.EditRolePageTest@64c87930]" name="setUp" is-config="true" duration-ms="13759" started-at="2022-05-06T02:43:49 IST" finished-at="2022-05-06T02:44:03 IST">
          <reporter-output>
          </reporter-output>
        </test-method> <!-- setUp -->
        <test-method status="PASS" signature="verify_user_can_update_a_role()[pri:25, instance:com.buffalocart.test.EditRolePageTest@64c87930]" name="verify_user_can_update_a_role" duration-ms="27328" started-at="2022-05-06T02:44:03 IST" description="TC_025_ Verify user can update  a role " finished-at="2022-05-06T02:44:30 IST">
          <reporter-output>
          </reporter-output>
        </test-method> <!-- verify_user_can_update_a_role -->
        <test-method status="PASS" signature="tearDown(org.testng.ITestResult)[pri:0, instance:com.buffalocart.test.EditRolePageTest@64c87930]" name="tearDown" is-config="true" duration-ms="0" started-at="2022-05-06T02:44:30 IST" finished-at="2022-05-06T02:44:30 IST">
          <params>
            <param index="0">
              <value>
                <![CDATA[[TestResult name=verify_user_can_update_a_role status=SUCCESS method=EditRolePageTest.verify_user_can_update_a_role()[pri:25, instance:com.buffalocart.test.EditRolePageTest@64c87930] output={null}]]]>
              </value>
            </param>
          </params>
          <reporter-output>
          </reporter-output>
        </test-method> <!-- tearDown -->
      </class> <!-- com.buffalocart.test.EditRolePageTest -->
      <class name="com.buffalocart.test.MyAccountPageTest">
        <test-method status="PASS" signature="setUp()[pri:0, instance:com.buffalocart.test.MyAccountPageTest@275710fc]" name="setUp" is-config="true" duration-ms="8405" started-at="2022-05-06T02:45:18 IST" finished-at="2022-05-06T02:45:26 IST">
          <reporter-output>
          </reporter-output>
        </test-method> <!-- setUp -->
        <test-method status="PASS" signature="verify_home_page_tilte()[pri:6, instance:com.buffalocart.test.MyAccountPageTest@275710fc]" name="verify_home_page_tilte" duration-ms="5844" started-at="2022-05-06T02:45:26 IST" description="TC_006_Verify Home Page Title" finished-at="2022-05-06T02:45:32 IST">
          <reporter-output>
          </reporter-output>
        </test-method> <!-- verify_home_page_tilte -->
        <test-method status="PASS" signature="tearDown(org.testng.ITestResult)[pri:0, instance:com.buffalocart.test.MyAccountPageTest@275710fc]" name="tearDown" is-config="true" duration-ms="1" started-at="2022-05-06T02:45:32 IST" finished-at="2022-05-06T02:45:32 IST">
          <params>
            <param index="0">
              <value>
                <![CDATA[[TestResult name=verify_home_page_tilte status=SUCCESS method=MyAccountPageTest.verify_home_page_tilte()[pri:6, instance:com.buffalocart.test.MyAccountPageTest@275710fc] output={null}]]]>
              </value>
            </param>
          </params>
          <reporter-output>
          </reporter-output>
        </test-method> <!-- tearDown -->
        <test-method status="PASS" signature="setUp()[pri:0, instance:com.buffalocart.test.MyAccountPageTest@275710fc]" name="setUp" is-config="true" duration-ms="8603" started-at="2022-05-06T02:45:32 IST" finished-at="2022-05-06T02:45:41 IST">
          <reporter-output>
          </reporter-output>
        </test-method> <!-- setUp -->
        <test-method status="PASS" signature="Verify_date_displeyed_in_home_page()[pri:7, instance:com.buffalocart.test.MyAccountPageTest@275710fc]" name="Verify_date_displeyed_in_home_page" duration-ms="5888" started-at="2022-05-06T02:45:41 IST" description="TC_007_Verify date displayed in home page " finished-at="2022-05-06T02:45:46 IST">
          <reporter-output>
          </reporter-output>
        </test-method> <!-- Verify_date_displeyed_in_home_page -->
        <test-method status="PASS" signature="tearDown(org.testng.ITestResult)[pri:0, instance:com.buffalocart.test.MyAccountPageTest@275710fc]" name="tearDown" is-config="true" duration-ms="0" started-at="2022-05-06T02:45:46 IST" finished-at="2022-05-06T02:45:46 IST">
          <params>
            <param index="0">
              <value>
                <![CDATA[[TestResult name=Verify_date_displeyed_in_home_page status=SUCCESS method=MyAccountPageTest.Verify_date_displeyed_in_home_page()[pri:7, instance:com.buffalocart.test.MyAccountPageTest@275710fc] output={null}]]]>
              </value>
            </param>
          </params>
          <reporter-output>
          </reporter-output>
        </test-method> <!-- tearDown -->
        <test-method status="PASS" signature="setUp()[pri:0, instance:com.buffalocart.test.MyAccountPageTest@275710fc]" name="setUp" is-config="true" duration-ms="8315" started-at="2022-05-06T02:45:46 IST" finished-at="2022-05-06T02:45:55 IST">
          <reporter-output>
          </reporter-output>
        </test-method> <!-- setUp -->
        <test-method status="PASS" signature="Verify_whether_user_is_navigating_to_login_page_by_clicking_on_Sign_out_button()[pri:8, instance:com.buffalocart.test.MyAccountPageTest@275710fc]" name="Verify_whether_user_is_navigating_to_login_page_by_clicking_on_Sign_out_button" duration-ms="7213" started-at="2022-05-06T02:45:55 IST" description="TC_008_Verify whether user is navigating to login page by clicking on Sign out button" finished-at="2022-05-06T02:46:02 IST">
          <reporter-output>
          </reporter-output>
        </test-method> <!-- Verify_whether_user_is_navigating_to_login_page_by_clicking_on_Sign_out_button -->
        <test-method status="PASS" signature="tearDown(org.testng.ITestResult)[pri:0, instance:com.buffalocart.test.MyAccountPageTest@275710fc]" name="tearDown" is-config="true" duration-ms="0" started-at="2022-05-06T02:46:02 IST" finished-at="2022-05-06T02:46:02 IST">
          <params>
            <param index="0">
              <value>
                <![CDATA[[TestResult name=Verify_whether_user_is_navigating_to_login_page_by_clicking_on_Sign_out_button status=SUCCESS method=MyAccountPageTest.Verify_whether_user_is_navigating_to_login_page_by_clicking_on_Sign_out_button()[pri:8, instance:com.buffalocart.test.MyAccountPageTest@275710fc] output={null}]]]>
              </value>
            </param>
          </params>
          <reporter-output>
          </reporter-output>
        </test-method> <!-- tearDown -->
        <test-method status="PASS" signature="setUp()[pri:0, instance:com.buffalocart.test.MyAccountPageTest@275710fc]" name="setUp" is-config="true" duration-ms="10716" started-at="2022-05-06T02:46:02 IST" finished-at="2022-05-06T02:46:13 IST">
          <reporter-output>
          </reporter-output>
        </test-method> <!-- setUp -->
        <test-method status="PASS" signature="Verify_the_Usermanagement_sub_tabs()[pri:9, instance:com.buffalocart.test.MyAccountPageTest@275710fc]" name="Verify_the_Usermanagement_sub_tabs" duration-ms="5109" started-at="2022-05-06T02:46:13 IST" description="TC_009_Verify the Usermanagement sub tabs" finished-at="2022-05-06T02:46:18 IST">
          <reporter-output>
          </reporter-output>
        </test-method> <!-- Verify_the_Usermanagement_sub_tabs -->
        <test-method status="PASS" signature="tearDown(org.testng.ITestResult)[pri:0, instance:com.buffalocart.test.MyAccountPageTest@275710fc]" name="tearDown" is-config="true" duration-ms="2" started-at="2022-05-06T02:46:18 IST" finished-at="2022-05-06T02:46:18 IST">
          <params>
            <param index="0">
              <value>
                <![CDATA[[TestResult name=Verify_the_Usermanagement_sub_tabs status=SUCCESS method=MyAccountPageTest.Verify_the_Usermanagement_sub_tabs()[pri:9, instance:com.buffalocart.test.MyAccountPageTest@275710fc] output={null}]]]>
              </value>
            </param>
          </params>
          <reporter-output>
          </reporter-output>
        </test-method> <!-- tearDown -->
      </class> <!-- com.buffalocart.test.MyAccountPageTest -->
      <class name="com.buffalocart.test.AddUserTestPage">
        <test-method status="PASS" signature="setUp()[pri:0, instance:com.buffalocart.test.AddUserTestPage@6ee12bac]" name="setUp" is-config="true" duration-ms="11971" started-at="2022-05-06T02:41:26 IST" finished-at="2022-05-06T02:41:38 IST">
          <reporter-output>
          </reporter-output>
        </test-method> <!-- setUp -->
        <test-method status="PASS" signature="verify_the_error_message_displayed_without_filling_mandatory_fields_in_add_user_form()[pri:13, instance:com.buffalocart.test.AddUserTestPage@6ee12bac]" name="verify_the_error_message_displayed_without_filling_mandatory_fields_in_add_user_form" duration-ms="18303" started-at="2022-05-06T02:41:38 IST" description="TC_013_Verify the error message displayed without filling mandatory fields in add user form" finished-at="2022-05-06T02:41:56 IST">
          <reporter-output>
          </reporter-output>
        </test-method> <!-- verify_the_error_message_displayed_without_filling_mandatory_fields_in_add_user_form -->
        <test-method status="PASS" signature="tearDown(org.testng.ITestResult)[pri:0, instance:com.buffalocart.test.AddUserTestPage@6ee12bac]" name="tearDown" is-config="true" duration-ms="1" started-at="2022-05-06T02:41:56 IST" finished-at="2022-05-06T02:41:56 IST">
          <params>
            <param index="0">
              <value>
                <![CDATA[[TestResult name=verify_the_error_message_displayed_without_filling_mandatory_fields_in_add_user_form status=SUCCESS method=AddUserTestPage.verify_the_error_message_displayed_without_filling_mandatory_fields_in_add_user_form()[pri:13, instance:com.buffalocart.test.AddUserTestPage@6ee12bac] output={null}]]]>
              </value>
            </param>
          </params>
          <reporter-output>
          </reporter-output>
        </test-method> <!-- tearDown -->
        <test-method status="PASS" signature="setUp()[pri:0, instance:com.buffalocart.test.AddUserTestPage@6ee12bac]" name="setUp" is-config="true" duration-ms="7275" started-at="2022-05-06T02:41:56 IST" finished-at="2022-05-06T02:42:03 IST">
          <reporter-output>
          </reporter-output>
        </test-method> <!-- setUp -->
        <test-method status="PASS" signature="verify_Add_Users_page_title()[pri:15, instance:com.buffalocart.test.AddUserTestPage@6ee12bac]" name="verify_Add_Users_page_title" duration-ms="19402" started-at="2022-05-06T02:42:03 IST" description="TC_015_Verify  Add Users page title" finished-at="2022-05-06T02:42:23 IST">
          <reporter-output>
          </reporter-output>
        </test-method> <!-- verify_Add_Users_page_title -->
        <test-method status="PASS" signature="tearDown(org.testng.ITestResult)[pri:0, instance:com.buffalocart.test.AddUserTestPage@6ee12bac]" name="tearDown" is-config="true" duration-ms="0" started-at="2022-05-06T02:42:23 IST" finished-at="2022-05-06T02:42:23 IST">
          <params>
            <param index="0">
              <value>
                <![CDATA[[TestResult name=verify_Add_Users_page_title status=SUCCESS method=AddUserTestPage.verify_Add_Users_page_title()[pri:15, instance:com.buffalocart.test.AddUserTestPage@6ee12bac] output={null}]]]>
              </value>
            </param>
          </params>
          <reporter-output>
          </reporter-output>
        </test-method> <!-- tearDown -->
      </class> <!-- com.buffalocart.test.AddUserTestPage -->
      <class name="com.buffalocart.test.AddRolesTestPage">
        <test-method status="PASS" signature="setExtent(org.testng.ITestContext)[pri:0, instance:com.buffalocart.test.AddRolesTestPage@157632c9]" name="setExtent" is-config="true" duration-ms="8" started-at="2022-05-06T02:40:29 IST" finished-at="2022-05-06T02:40:29 IST">
          <params>
            <param index="0">
              <value>
                <![CDATA[org.testng.TestRunner@445f6f73]]>
              </value>
            </param>
          </params>
          <reporter-output>
          </reporter-output>
        </test-method> <!-- setExtent -->
        <test-method status="PASS" signature="setUp()[pri:0, instance:com.buffalocart.test.AddRolesTestPage@157632c9]" name="setUp" is-config="true" duration-ms="8728" started-at="2022-05-06T02:40:29 IST" finished-at="2022-05-06T02:40:37 IST">
          <reporter-output>
          </reporter-output>
        </test-method> <!-- setUp -->
        <test-method status="PASS" signature="verify_Add_Roles_page_title()[pri:22, instance:com.buffalocart.test.AddRolesTestPage@157632c9]" name="verify_Add_Roles_page_title" duration-ms="18677" started-at="2022-05-06T02:40:37 IST" description="TC_022_ VVerify Add Roles page title " finished-at="2022-05-06T02:40:56 IST">
          <reporter-output>
          </reporter-output>
        </test-method> <!-- verify_Add_Roles_page_title -->
        <test-method status="PASS" signature="tearDown(org.testng.ITestResult)[pri:0, instance:com.buffalocart.test.AddRolesTestPage@157632c9]" name="tearDown" is-config="true" duration-ms="5" started-at="2022-05-06T02:40:56 IST" finished-at="2022-05-06T02:40:56 IST">
          <params>
            <param index="0">
              <value>
                <![CDATA[[TestResult name=verify_Add_Roles_page_title status=SUCCESS method=AddRolesTestPage.verify_Add_Roles_page_title()[pri:22, instance:com.buffalocart.test.AddRolesTestPage@157632c9] output={null}]]]>
              </value>
            </param>
          </params>
          <reporter-output>
          </reporter-output>
        </test-method> <!-- tearDown -->
        <test-method status="PASS" signature="setUp()[pri:0, instance:com.buffalocart.test.AddRolesTestPage@157632c9]" name="setUp" is-config="true" duration-ms="6366" started-at="2022-05-06T02:40:56 IST" finished-at="2022-05-06T02:41:02 IST">
          <reporter-output>
          </reporter-output>
        </test-method> <!-- setUp -->
        <test-method status="PASS" signature="verify_user_can_add_roles()[pri:23, instance:com.buffalocart.test.AddRolesTestPage@157632c9]" name="verify_user_can_add_roles" duration-ms="23121" started-at="2022-05-06T02:41:02 IST" description="TC_023_ Verify  user can add roles" finished-at="2022-05-06T02:41:26 IST">
          <reporter-output>
          </reporter-output>
        </test-method> <!-- verify_user_can_add_roles -->
        <test-method status="PASS" signature="tearDown(org.testng.ITestResult)[pri:0, instance:com.buffalocart.test.AddRolesTestPage@157632c9]" name="tearDown" is-config="true" duration-ms="0" started-at="2022-05-06T02:41:26 IST" finished-at="2022-05-06T02:41:26 IST">
          <params>
            <param index="0">
              <value>
                <![CDATA[[TestResult name=verify_user_can_add_roles status=SUCCESS method=AddRolesTestPage.verify_user_can_add_roles()[pri:23, instance:com.buffalocart.test.AddRolesTestPage@157632c9] output={null}]]]>
              </value>
            </param>
          </params>
          <reporter-output>
          </reporter-output>
        </test-method> <!-- tearDown -->
      </class> <!-- com.buffalocart.test.AddRolesTestPage -->
      <class name="com.buffalocart.test.RolesPageTest">
        <test-method status="PASS" signature="setUp()[pri:0, instance:com.buffalocart.test.RolesPageTest@75f9eccc]" name="setUp" is-config="true" duration-ms="8841" started-at="2022-05-06T02:46:29 IST" finished-at="2022-05-06T02:46:38 IST">
          <reporter-output>
          </reporter-output>
        </test-method> <!-- setUp -->
        <test-method status="PASS" signature="verify_Roles_page_title()[pri:21, instance:com.buffalocart.test.RolesPageTest@75f9eccc]" name="verify_Roles_page_title" duration-ms="12480" started-at="2022-05-06T02:46:38 IST" description="TC_021_ Verify Roles page title" finished-at="2022-05-06T02:46:51 IST">
          <reporter-output>
          </reporter-output>
        </test-method> <!-- verify_Roles_page_title -->
        <test-method status="PASS" signature="tearDown(org.testng.ITestResult)[pri:0, instance:com.buffalocart.test.RolesPageTest@75f9eccc]" name="tearDown" is-config="true" duration-ms="0" started-at="2022-05-06T02:46:51 IST" finished-at="2022-05-06T02:46:51 IST">
          <params>
            <param index="0">
              <value>
                <![CDATA[[TestResult name=verify_Roles_page_title status=SUCCESS method=RolesPageTest.verify_Roles_page_title()[pri:21, instance:com.buffalocart.test.RolesPageTest@75f9eccc] output={null}]]]>
              </value>
            </param>
          </params>
          <reporter-output>
          </reporter-output>
        </test-method> <!-- tearDown -->
        <test-method status="PASS" signature="setUp()[pri:0, instance:com.buffalocart.test.RolesPageTest@75f9eccc]" name="setUp" is-config="true" duration-ms="7967" started-at="2022-05-06T02:46:51 IST" finished-at="2022-05-06T02:46:59 IST">
          <reporter-output>
          </reporter-output>
        </test-method> <!-- setUp -->
        <test-method status="PASS" signature="verify_user_can_delete_a_role_from_the_list()[pri:26, instance:com.buffalocart.test.RolesPageTest@75f9eccc]" name="verify_user_can_delete_a_role_from_the_list" duration-ms="19465" started-at="2022-05-06T02:46:59 IST" description="TC_026_ Verify user can delete a role from the list " finished-at="2022-05-06T02:47:18 IST">
          <reporter-output>
          </reporter-output>
        </test-method> <!-- verify_user_can_delete_a_role_from_the_list -->
        <test-method status="PASS" signature="tearDown(org.testng.ITestResult)[pri:0, instance:com.buffalocart.test.RolesPageTest@75f9eccc]" name="tearDown" is-config="true" duration-ms="4" started-at="2022-05-06T02:47:18 IST" finished-at="2022-05-06T02:47:18 IST">
          <params>
            <param index="0">
              <value>
                <![CDATA[[TestResult name=verify_user_can_delete_a_role_from_the_list status=SUCCESS method=RolesPageTest.verify_user_can_delete_a_role_from_the_list()[pri:26, instance:com.buffalocart.test.RolesPageTest@75f9eccc] output={null}]]]>
              </value>
            </param>
          </params>
          <reporter-output>
          </reporter-output>
        </test-method> <!-- tearDown -->
      </class> <!-- com.buffalocart.test.RolesPageTest -->
      <class name="com.buffalocart.test.ViewPageTest">
        <test-method status="PASS" signature="setUp()[pri:0, instance:com.buffalocart.test.ViewPageTest@67e2d983]" name="setUp" is-config="true" duration-ms="8734" started-at="2022-05-06T02:50:42 IST" finished-at="2022-05-06T02:50:51 IST">
          <reporter-output>
          </reporter-output>
        </test-method> <!-- setUp -->
        <test-method status="PASS" signature="verify_the_details_displayed_on_view_user_page()[pri:20, instance:com.buffalocart.test.ViewPageTest@67e2d983]" name="verify_the_details_displayed_on_view_user_page" duration-ms="20383" started-at="2022-05-06T02:50:51 IST" description="TC_020_Verify  the details displayed on view user page" finished-at="2022-05-06T02:51:11 IST">
          <reporter-output>
          </reporter-output>
        </test-method> <!-- verify_the_details_displayed_on_view_user_page -->
        <test-method status="PASS" signature="tearDown(org.testng.ITestResult)[pri:0, instance:com.buffalocart.test.ViewPageTest@67e2d983]" name="tearDown" is-config="true" duration-ms="1" started-at="2022-05-06T02:51:11 IST" finished-at="2022-05-06T02:51:11 IST">
          <params>
            <param index="0">
              <value>
                <![CDATA[[TestResult name=verify_the_details_displayed_on_view_user_page status=SUCCESS method=ViewPageTest.verify_the_details_displayed_on_view_user_page()[pri:20, instance:com.buffalocart.test.ViewPageTest@67e2d983] output={null}]]]>
              </value>
            </param>
          </params>
          <reporter-output>
          </reporter-output>
        </test-method> <!-- tearDown -->
      </class> <!-- com.buffalocart.test.ViewPageTest -->
      <class name="com.buffalocart.test.ResetPasswordPageTest">
        <test-method status="PASS" signature="setUp()[pri:0, instance:com.buffalocart.test.ResetPasswordPageTest@525f1e4e]" name="setUp" is-config="true" duration-ms="8310" started-at="2022-05-06T02:46:18 IST" finished-at="2022-05-06T02:46:26 IST">
          <reporter-output>
          </reporter-output>
        </test-method> <!-- setUp -->
        <test-method status="PASS" signature="verify_error_message_displyed_on_Reset_Password_page_with_invalid_email_id()[pri:5, instance:com.buffalocart.test.ResetPasswordPageTest@525f1e4e]" name="verify_error_message_displyed_on_Reset_Password_page_with_invalid_email_id" duration-ms="3232" started-at="2022-05-06T02:46:26 IST" description="TC_005_Verify error meesage displyed on  Reset Password page with invalid email id" finished-at="2022-05-06T02:46:29 IST">
          <reporter-output>
          </reporter-output>
        </test-method> <!-- verify_error_message_displyed_on_Reset_Password_page_with_invalid_email_id -->
        <test-method status="PASS" signature="tearDown(org.testng.ITestResult)[pri:0, instance:com.buffalocart.test.ResetPasswordPageTest@525f1e4e]" name="tearDown" is-config="true" duration-ms="0" started-at="2022-05-06T02:46:29 IST" finished-at="2022-05-06T02:46:29 IST">
          <params>
            <param index="0">
              <value>
                <![CDATA[[TestResult name=verify_error_message_displyed_on_Reset_Password_page_with_invalid_email_id status=SUCCESS method=ResetPasswordPageTest.verify_error_message_displyed_on_Reset_Password_page_with_invalid_email_id()[pri:5, instance:com.buffalocart.test.ResetPasswordPageTest@525f1e4e] output={null}]]]>
              </value>
            </param>
          </params>
          <reporter-output>
          </reporter-output>
        </test-method> <!-- tearDown -->
      </class> <!-- com.buffalocart.test.ResetPasswordPageTest -->
    </test> <!-- C:/Users/USER/IdeaProjects/buffalocart -->
  </suite> <!-- All Test Suite -->
</testng-results>
